d:\программирование\cg_2_albert\x64\release\cg2_gametemplate.ipdb
d:\программирование\cg_2_albert\x64\release\cg2_gametemplate.iobj
d:\программирование\cg_2_albert\cg2_gametemplate\x64\release\vc141.pdb
d:\программирование\cg_2_albert\cg2_gametemplate\x64\release\s_gamerender.obj
d:\программирование\cg_2_albert\cg2_gametemplate\x64\release\s_gamemove.obj
d:\программирование\cg_2_albert\cg2_gametemplate\x64\release\renderer.obj
d:\программирование\cg_2_albert\cg2_gametemplate\x64\release\s_gameinputcontroller.obj
d:\программирование\cg_2_albert\cg2_gametemplate\x64\release\s_gameguirendersys.obj
d:\программирование\cg_2_albert\cg2_gametemplate\x64\release\s_gameattacksys.obj
d:\программирование\cg_2_albert\cg2_gametemplate\x64\release\potionscatalogue.obj
d:\программирование\cg_2_albert\cg2_gametemplate\x64\release\main.obj
d:\программирование\cg_2_albert\cg2_gametemplate\x64\release\gamestructures.obj
d:\программирование\cg_2_albert\cg2_gametemplate\x64\release\gameresources.obj
d:\программирование\cg_2_albert\cg2_gametemplate\x64\release\gameloadlevel.obj
d:\программирование\cg_2_albert\cg2_gametemplate\x64\release\gamedataload.obj
d:\программирование\cg_2_albert\cg2_gametemplate\x64\release\game.obj
d:\программирование\cg_2_albert\cg2_gametemplate\x64\release\enemiescatalogue.obj
d:\программирование\cg_2_albert\cg2_gametemplate\x64\release\ecsorder.obj
d:\программирование\cg_2_albert\cg2_gametemplate\x64\release\ecsentities.obj
d:\программирование\cg_2_albert\cg2_gametemplate\x64\release\ecscomponents.obj
d:\программирование\cg_2_albert\cg2_gametemplate\x64\release\ecsbosses.obj
d:\программирование\cg_2_albert\cg2_gametemplate\x64\release\ecs.obj
d:\программирование\cg_2_albert\cg2_gametemplate\x64\release\attackfunctions.obj
d:\программирование\cg_2_albert\cg2_gametemplate\x64\release\weaponscatalogue.obj
d:\программирование\cg_2_albert\cg2_gametemplate\x64\release\utils.obj
d:\программирование\cg_2_albert\cg2_gametemplate\x64\release\s_gametick.obj
d:\программирование\cg_2_albert\x64\release\cg2_gametemplate.exe
d:\программирование\cg_2_albert\x64\release\cg2_gametemplate.pdb
d:\программирование\cg_2_albert\cg2_gametemplate\x64\release\cg2_gametemplate.tlog\cg2_gametemplate.write.1u.tlog
d:\программирование\cg_2_albert\cg2_gametemplate\x64\release\cg2_gametemplate.tlog\cl.command.1.tlog
d:\программирование\cg_2_albert\cg2_gametemplate\x64\release\cg2_gametemplate.tlog\cl.read.1.tlog
d:\программирование\cg_2_albert\cg2_gametemplate\x64\release\cg2_gametemplate.tlog\cl.write.1.tlog
d:\программирование\cg_2_albert\cg2_gametemplate\x64\release\cg2_gametemplate.tlog\link.command.1.tlog
d:\программирование\cg_2_albert\cg2_gametemplate\x64\release\cg2_gametemplate.tlog\link.read.1.tlog
d:\программирование\cg_2_albert\cg2_gametemplate\x64\release\cg2_gametemplate.tlog\link.write.1.tlog
